<?xml version="1.0" encoding="UTF-8"?>
<!-- Generated by org.testng.reporters.JUnitXMLReporter -->
<testsuite hostname="MacBookPro-1874.local" ignored="0" name="database" tests="4" failures="0" timestamp="2020-03-11T23:42:39 EDT" time="0.014" errors="0">
  <testcase name="testConnectMongoDB" time="0.002" classname="com.mkyong.testng.examples.suite.TestDatabase"/>
  <testcase name="testConnectMsSQL" time="0.001" classname="com.mkyong.testng.examples.suite.TestDatabase"/>
  <testcase name="testConnectMySQL" time="0.001" classname="com.mkyong.testng.examples.suite.TestDatabase"/>
  <testcase name="testConnectOracle" time="0.002" classname="com.mkyong.testng.examples.suite.TestDatabase"/>
</testsuite> <!-- database -->
