<?xml version="1.0" encoding="UTF-8"?>
<!-- Generated by org.testng.reporters.JUnitXMLReporter -->
<testsuite hostname="MacBookPro-1874.local" ignored="2" name="order" tests="2" failures="0" timestamp="2020-03-11T23:45:25 EDT" time="0.052" errors="0">
  <testcase name="testMakeOrder" time="0.006" classname="com.mkyong.testng.examples.suite.TestOrder"/>
  <testcase name="testUpdateOrder" time="0.002" classname="com.mkyong.testng.examples.suite.TestOrder"/>
  <testcase name="testMakeEmptyOrder" time="0.0" classname="com.mkyong.testng.examples.suite.TestOrder">
    <ignored/>
  </testcase> <!-- testMakeEmptyOrder -->
  <testcase name="testFindOrder" time="0.0" classname="com.mkyong.testng.examples.suite.TestOrder">
    <ignored/>
  </testcase> <!-- testFindOrder -->
</testsuite> <!-- order -->
