<?xml version="1.0" encoding="UTF-8"?>
<testng-results skipped="0" failed="0" ignored="2" total="4" passed="2">
  <reporter-output>
  </reporter-output>
  <suite name="TestAll" duration-ms="52" started-at="2020-03-11T23:45:25 EDT" finished-at="2020-03-11T23:45:25 EDT">
    <groups>
      <group name="orderBo">
        <method signature="TestOrder.testMakeOrder()[pri:0, instance:com.mkyong.testng.examples.suite.TestOrder@3439f68d]" name="testMakeOrder" class="com.mkyong.testng.examples.suite.TestOrder"/>
        <method signature="TestOrder.testUpdateOrder()[pri:0, instance:com.mkyong.testng.examples.suite.TestOrder@3439f68d]" name="testUpdateOrder" class="com.mkyong.testng.examples.suite.TestOrder"/>
      </group> <!-- orderBo -->
      <group name="save">
        <method signature="TestOrder.testMakeOrder()[pri:0, instance:com.mkyong.testng.examples.suite.TestOrder@3439f68d]" name="testMakeOrder" class="com.mkyong.testng.examples.suite.TestOrder"/>
      </group> <!-- save -->
    </groups>
    <test name="order" duration-ms="52" started-at="2020-03-11T23:45:25 EDT" finished-at="2020-03-11T23:45:25 EDT">
      <class name="com.mkyong.testng.examples.suite.TestOrder">
        <test-method status="PASS" signature="testMakeOrder()[pri:0, instance:com.mkyong.testng.examples.suite.TestOrder@3439f68d]" name="testMakeOrder" duration-ms="6" started-at="2020-03-11T23:45:25 EDT" finished-at="2020-03-11T23:45:25 EDT">
          <reporter-output>
          </reporter-output>
        </test-method> <!-- testMakeOrder -->
        <test-method status="PASS" signature="testUpdateOrder()[pri:0, instance:com.mkyong.testng.examples.suite.TestOrder@3439f68d]" name="testUpdateOrder" duration-ms="2" started-at="2020-03-11T23:45:25 EDT" finished-at="2020-03-11T23:45:25 EDT">
          <reporter-output>
          </reporter-output>
        </test-method> <!-- testUpdateOrder -->
      </class> <!-- com.mkyong.testng.examples.suite.TestOrder -->
      <class name="com.mkyong.testng.examples.suite.TestConfig">
        <test-method status="PASS" signature="testBeforeSuite()[pri:0, instance:com.mkyong.testng.examples.suite.TestConfig@140e5a13]" name="testBeforeSuite" is-config="true" duration-ms="15" started-at="2020-03-11T23:45:25 EDT" finished-at="2020-03-11T23:45:25 EDT">
          <reporter-output>
          </reporter-output>
        </test-method> <!-- testBeforeSuite -->
        <test-method status="PASS" signature="testBeforeTest()[pri:0, instance:com.mkyong.testng.examples.suite.TestConfig@140e5a13]" name="testBeforeTest" is-config="true" duration-ms="3" started-at="2020-03-11T23:45:25 EDT" finished-at="2020-03-11T23:45:25 EDT">
          <reporter-output>
          </reporter-output>
        </test-method> <!-- testBeforeTest -->
        <test-method status="PASS" signature="testAfterTest()[pri:0, instance:com.mkyong.testng.examples.suite.TestConfig@140e5a13]" name="testAfterTest" is-config="true" duration-ms="0" started-at="2020-03-11T23:45:25 EDT" finished-at="2020-03-11T23:45:25 EDT">
          <reporter-output>
          </reporter-output>
        </test-method> <!-- testAfterTest -->
        <test-method status="PASS" signature="testAfterSuite()[pri:0, instance:com.mkyong.testng.examples.suite.TestConfig@140e5a13]" name="testAfterSuite" is-config="true" duration-ms="0" started-at="2020-03-11T23:45:25 EDT" finished-at="2020-03-11T23:45:25 EDT">
          <reporter-output>
          </reporter-output>
        </test-method> <!-- testAfterSuite -->
      </class> <!-- com.mkyong.testng.examples.suite.TestConfig -->
    </test> <!-- order -->
  </suite> <!-- TestAll -->
</testng-results>
